<?xml version="1.0" encoding="utf-8"?><testsuites name="pytest tests"><testsuite name="pytest" errors="0" failures="0" skipped="0" tests="8" time="6.825" timestamp="2026-08-13T02:57:04.885103+00:00" hostname="agent-env-c126f48e-d7f3-4bd5-b5c4-37b3df50984e"><testcase classname="tests.test_discover_catalog" name="test_minimal_12_published_events" time="0.340" /><testcase classname="tests.test_discover_catalog" name="test_multi_city_and_category" time="0.000" /><testcase classname="tests.test_discover_catalog" name="test_no_duplicate_event_ids" time="0.000" /><testcase classname="tests.test_discover_catalog" name="test_aruna_event_still_present" time="0.000" /><testcase classname="tests.test_discover_catalog" name="test_every_event_has_detail_page" time="3.582" /><testcase classname="tests.test_discover_catalog" name="test_events_appear_on_economy_map" time="0.344" /><testcase classname="tests.test_discover_catalog" name="test_filters_and_search_work" time="0.443" /><testcase classname="tests.test_discover_catalog" name="test_seed_is_idempotent" time="1.634" /></testsuite></testsuites>