<?xml version="1.0" encoding="utf-8"?><testsuites name="pytest tests"><testsuite name="pytest" errors="0" failures="0" skipped="0" tests="24" time="12.512" timestamp="2026-08-12T10:25:53.164232+00:00" hostname="agent-env-c126f48e-d7f3-4bd5-b5c4-37b3df50984e"><testcase classname="tests.test_iteration2.TestDocuments" name="test_invoice_pdf" time="8.846" /><testcase classname="tests.test_iteration2.TestRoleWorkspace" name="test_talent_workspace" time="8.999" /><testcase classname="tests.test_iteration2.TestDocuments" name="test_quotation_pdf" time="0.122" /><testcase classname="tests.test_iteration2.TestDocuments" name="test_payment_schedule_pdf" time="0.103" /><testcase classname="tests.test_iteration2.TestRoleWorkspace" name="test_venue_workspace" time="0.131" /><testcase classname="tests.test_iteration2.TestDocuments" name="test_quotation_forbidden_for_audience" time="0.150" /><testcase classname="tests.test_iteration2.TestRoleWorkspace" name="test_vendor_workspace" time="0.097" /><testcase classname="tests.test_iteration2.TestDocuments" name="test_invoice_forbidden_for_other_user" time="0.199" /><testcase classname="tests.test_iteration2.TestRoleWorkspace" name="test_worker_workspace" time="0.099" /><testcase classname="tests.test_iteration2.TestRoleWorkspace" name="test_finance_workspace" time="0.102" /><testcase classname="tests.test_iteration2.TestDemoResetLinks" name="test_talent_has_linked_ids_after_reset" time="0.099" /><testcase classname="tests.test_iteration2.TestRoleWorkspace" name="test_audience_workspace_empty" time="0.096" /><testcase classname="tests.test_iteration2.TestDemoResetLinks" name="test_venue_linked" time="0.108" /><testcase classname="tests.test_iteration2.TestRoleWorkspace" name="test_talent_self_confirm_persists" time="0.306" /><testcase classname="tests.test_iteration2.TestDemoResetLinks" name="test_vendor_linked" time="0.103" /><testcase classname="tests.test_iteration2.TestDemoResetLinks" name="test_worker_linked" time="0.147" /><testcase classname="tests.test_iteration2.TestRoleWorkspace" name="test_authz_wrong_owner_403" time="0.200" /><testcase classname="tests.test_iteration2.TestStripeCheckout" name="test_create_checkout_session" time="0.843" /><testcase classname="tests.test_iteration2.TestGoogleAuthGuard" name="test_missing_session_header_400" time="0.577" /><testcase classname="tests.test_iteration2.TestGoogleAuthGuard" name="test_invalid_session_id_401_no_user_created" time="0.199" /><testcase classname="tests.test_iteration2.TestStripeCheckout" name="test_status_polling_pending_and_idempotent" time="1.023" /><testcase classname="tests.test_iteration2.TestGoogleAuthGuard" name="test_regression_email_password_login_still_works" time="0.657" /><testcase classname="tests.test_iteration2.TestSandboxRegression" name="test_full_sandbox_flow_still_works" time="0.389" /><testcase classname="tests.test_iteration2.TestStripeCheckout" name="test_unknown_session_id_404" time="0.101" /></testsuite></testsuites>