<?xml version="1.0" encoding="utf-8"?><testsuites name="pytest tests"><testsuite name="pytest" errors="0" failures="0" skipped="0" tests="17" time="2.498" timestamp="2026-08-20T21:29:54.535987+00:00" hostname="agent-env-c126f48e-d7f3-4bd5-b5c4-37b3df50984e"><testcase classname="tests.test_okkax_multicity_bug.TestOtherCopilotPaths" name="test_small_talk" time="1.415" /><testcase classname="tests.test_okkax_multicity_bug.TestTurn1MultiCity" name="test_status_and_shape" time="1.410" /><testcase classname="tests.test_okkax_multicity_bug.TestTurn1MultiCity" name="test_semantic_plan_5_cities" time="0.000" /><testcase classname="tests.test_okkax_multicity_bug.TestTurn1MultiCity" name="test_multi_city_capacity" time="0.000" /><testcase classname="tests.test_okkax_multicity_bug.TestTurn1MultiCity" name="test_tools_executed_venue_discovery_per_city" time="0.000" /><testcase classname="tests.test_okkax_multicity_bug.TestTurn1MultiCity" name="test_pipeline_stages" time="0.000" /><testcase classname="tests.test_okkax_multicity_bug.TestTurn1MultiCity" name="test_reply_contains_comparison_table_with_5_cities" time="0.000" /><testcase classname="tests.test_okkax_multicity_bug.TestOtherCopilotPaths" name="test_knowledge" time="0.158" /><testcase classname="tests.test_okkax_multicity_bug.TestTurn1MultiCity" name="test_reply_has_tradeoff_recommendation_next_action" time="0.000" /><testcase classname="tests.test_okkax_multicity_bug.TestOtherCopilotPaths" name="test_action" time="0.170" /><testcase classname="tests.test_okkax_multicity_bug.TestTurn2StatePersistence" name="test_still_5_cities" time="0.168" /><testcase classname="tests.test_okkax_multicity_bug.TestTurn2StatePersistence" name="test_reply_covers_all_cities_and_total_budget" time="0.000" /><testcase classname="tests.test_okkax_multicity_bug.TestOtherCopilotPaths" name="test_single_event_budget" time="0.143" /><testcase classname="tests.test_okkax_multicity_bug.TestTurn3Routing" name="test_state_persists" time="0.226" /><testcase classname="tests.test_okkax_multicity_bug.TestTurn3Routing" name="test_reply_has_routing_km" time="0.000" /><testcase classname="tests.test_okkax_multicity_bug.TestNonHardcoded" name="test_different_cities_and_capacity" time="0.171" /><testcase classname="tests.test_okkax_multicity_bug.TestSingleCityRegression" name="test_single_city_bandung" time="0.155" /></testsuite></testsuites>