<?xml version="1.0" encoding="utf-8"?><testsuites name="pytest tests"><testsuite name="pytest" errors="0" failures="0" skipped="0" tests="89" time="4.204" timestamp="2026-08-20T21:30:02.033032+00:00" hostname="agent-env-c126f48e-d7f3-4bd5-b5c4-37b3df50984e"><testcase classname="tests.test_okkax_copilot_universal" name="test_classifier_covers_all_intents" time="0.253" /><testcase classname="tests.test_okkax_copilot_semantic" name="test_semantic_plan_shape_and_keys" time="0.240" /><testcase classname="tests.test_okkax_copilot_semantic" name="test_semantic_plan_action_flags_missing_fields" time="0.001" /><testcase classname="tests.test_okkax_copilot_semantic" name="test_semantic_plan_simulation_from_saving_prompt" time="0.000" /><testcase classname="tests.test_okkax_copilot_semantic" name="test_indonesian_grouping_and_bm_money_normalization" time="0.000" /><testcase classname="tests.test_okkax_copilot_semantic" name="test_event_budget_with_sound_scope_is_not_reclassified_as_vendor_cap" time="0.001" /><testcase classname="tests.test_okkax_copilot_semantic" name="test_exact_capacity_only_budget_breakeven_prompt_gets_complete_fallback" time="0.011" /><testcase classname="tests.test_okkax_copilot_universal" name="test_parser_extracts_qty_city_type_date_cancel" time="0.000" /><testcase classname="tests.test_okkax_copilot_universal" name="test_parser_reads_ticket_quantity" time="0.000" /><testcase classname="tests.test_okkax_copilot_semantic" name="test_multi_turn_action_fills_tier_and_quantity_from_prior" time="0.012" /><testcase classname="tests.test_okkax_copilot_universal" name="test_conversational_intents_route_correctly[bro-conversational]" time="0.004" /><testcase classname="tests.test_okkax_copilot_universal" name="test_conversational_intents_route_correctly[halo, ada yang bisa dibantu?-conversational]" time="0.003" /><testcase classname="tests.test_okkax_copilot_universal" name="test_conversational_intents_route_correctly[makasih-conversational]" time="0.003" /><testcase classname="tests.test_okkax_copilot_universal" name="test_conversational_intents_route_correctly[bye-conversational]" time="0.002" /><testcase classname="tests.test_okkax_copilot_semantic" name="test_multi_turn_analytical_inherits_budget_from_prior" time="0.008" /><testcase classname="tests.test_okkax_copilot_universal" name="test_action_intent_generate_1000_qr_gates_with_confirmation" time="0.007" /><testcase classname="tests.test_okkax_copilot_semantic" name="test_multi_turn_saving_carries_baseline_target" time="0.007" /><testcase classname="tests.test_okkax_copilot_universal" name="test_action_refund_or_cancel_gates_with_confirmation" time="0.007" /><testcase classname="tests.test_okkax_copilot_semantic" name="test_full_conversation_state_vendor_scope_and_qr_action" time="0.004" /><testcase classname="tests.test_okkax_copilot_universal" name="test_regression_festival_5000pax_budget_breakeven" time="0.007" /><testcase classname="tests.test_okkax_copilot_semantic" name="test_reasoning_uses_gemini_primary_openrouter_secondary_once" time="0.011" /><testcase classname="tests.test_okkax_copilot_universal" name="test_regression_rp1b_to_rp800m_saving" time="0.011" /><testcase classname="tests.test_okkax_copilot_semantic" name="test_ai_studio_five_turn_state_hierarchy_is_preserved" time="0.002" /><testcase classname="tests.test_okkax_copilot_semantic" name="test_venue_discovery_routes_only_explicit_discovery_and_preserves_provenance" time="0.002" /><testcase classname="tests.test_okkax_copilot_universal" name="test_regression_generate_1000_qr_tickets_is_action" time="0.006" /><testcase classname="tests.test_okkax_copilot_semantic" name="test_venue_discovery_failure_is_graceful" time="0.001" /><testcase classname="tests.test_okkax_copilot_semantic" name="test_venue_discovery_tool_is_registered" time="0.000" /><testcase classname="tests.test_okkax_copilot_semantic" name="test_accumulated_projection_is_consistent_and_vendor_cap_isolated" time="0.003" /><testcase classname="tests.test_okkax_copilot_semantic" name="test_championship_constraint_hierarchy_and_user_corrections" time="0.015" /><testcase classname="tests.test_okkax_copilot_semantic" name="test_championship_history_retains_sixty_turn_conversation" time="0.000" /><testcase classname="tests.test_okkax_copilot_semantic" name="test_championship_action_stays_hold_then_draft_only" time="0.001" /><testcase classname="tests.test_okkax_copilot_semantic" name="test_championship_scoped_clocks_vendor_and_numeric_guard" time="0.004" /><testcase classname="tests.test_okkax_copilot_semantic" name="test_internal_and_repeated_reasoning_lines_are_removed" time="0.000" /><testcase classname="tests.test_okkax_copilot_semantic" name="test_knowledge_promoter_vs_eo_returns_semantic_note" time="0.209" /><testcase classname="tests.test_okkax_copilot_semantic" name="test_knowledge_outdoor_safety_returns_semantic_note" time="0.227" /><testcase classname="tests.test_okkax_copilot_universal" name="test_regression_sponsor_cancels_h_minus_7" time="1.371" /><testcase classname="tests.test_okkax_copilot_semantic" name="test_realistic_phrasings_not_unknown[event gue boncos, tiket baru 30% padahal H-5]" time="0.908" /><testcase classname="tests.test_okkax_copilot_semantic" name="test_realistic_phrasings_not_unknown[sponsor utama batal H-7, impactnya?]" time="0.010" /><testcase classname="tests.test_okkax_copilot_universal" name="test_regression_blocker_event_grounded" time="0.022" /><testcase classname="tests.test_okkax_copilot_semantic" name="test_realistic_phrasings_not_unknown[vendor sound bermasalah, alternatif?]" time="0.010" /><testcase classname="tests.test_okkax_copilot_semantic" name="test_realistic_phrasings_not_unknown[hitung margin kalau tenant nambah 5 booth]" time="0.010" /><testcase classname="tests.test_okkax_copilot_universal" name="test_domain_prompts_invoke_correct_pipeline_stage[hitung break-even 3000 pax Rp900 juta-compute_budget_projection]" time="0.011" /><testcase classname="tests.test_okkax_copilot_semantic" name="test_realistic_phrasings_not_unknown[produksi meleset budget, prioritas mana yg dipotong?]" time="0.010" /><testcase classname="tests.test_okkax_copilot_universal" name="test_domain_prompts_invoke_correct_pipeline_stage[cari talent DJ Bali-intelligence_query]" time="0.011" /><testcase classname="tests.test_okkax_copilot_semantic" name="test_truly_ambiguous_asks_one_clarification" time="0.007" /><testcase classname="tests.test_okkax_copilot_universal" name="test_domain_prompts_invoke_correct_pipeline_stage[cari vendor sound Jakarta-intelligence_query]" time="0.012" /><testcase classname="tests.test_okkax_copilot_semantic" name="test_supply_intent_still_delegates_to_intelligence" time="0.011" /><testcase classname="tests.test_okkax_copilot_universal" name="test_domain_prompts_invoke_correct_pipeline_stage[cari venue outdoor 5000 pax-intelligence_query]" time="0.013" /><testcase classname="tests.test_okkax_copilot_semantic" name="test_semantic_plan_does_not_leak_cross_tenant" time="0.010" /><testcase classname="tests.test_okkax_copilot_semantic" name="test_semantic_plan_reply_stripped_of_internal_markers" time="0.028" /><testcase classname="tests.test_okkax_copilot_universal" name="test_domain_prompts_invoke_correct_pipeline_stage[dampak ekonomi Bandung-intelligence_query]" time="0.012" /><testcase classname="tests.test_okkax_copilot_universal" name="test_domain_prompts_invoke_correct_pipeline_stage[harga pasar tenant F&amp;B-intelligence_query]" time="0.012" /><testcase classname="tests.test_okkax_copilot_universal" name="test_missing_data_no_invention" time="0.006" /><testcase classname="tests.test_okkax_copilot_v3" name="test_parse_baseline_target_saving" time="0.000" /><testcase classname="tests.test_okkax_copilot_v3" name="test_parse_capacity_explicit_only" time="0.000" /><testcase classname="tests.test_okkax_copilot_v3" name="test_parse_no_numbers_returns_all_none" time="0.000" /><testcase classname="tests.test_okkax_copilot_v3" name="test_saving_prompt_returns_exact_user_numbers_no_invention" time="0.008" /><testcase classname="tests.test_okkax_copilot_universal" name="test_security_tenant_isolation_preserved" time="0.011" /><testcase classname="tests.test_okkax_copilot_v3" name="test_saving_paraphrases_use_user_numbers[Turunkan budget dari Rp2 miliar jadi Rp1,5 miliar-2000000000-1500000000-25.0%]" time="0.008" /><testcase classname="tests.test_okkax_copilot_universal" name="test_no_internal_leak_across_intents" time="0.028" /><testcase classname="tests.test_okkax_copilot_v3" name="test_saving_paraphrases_use_user_numbers[potong dari Rp500 juta menjadi Rp350 juta-500000000-350000000-30.0%]" time="0.007" /><testcase classname="tests.test_okkax_copilot_v3" name="test_saving_paraphrases_use_user_numbers[hemat dari Rp5 miliar jadi Rp4 miliar-5000000000-4000000000-20.0%]" time="0.007" /><testcase classname="tests.test_okkax_copilot_v3" name="test_simple_identity_stays_fast_deterministic" time="0.007" /><testcase classname="tests.test_okkax_copilot_v3" name="test_analytical_prompt_includes_reasoning_stages" time="0.007" /><testcase classname="tests.test_okkax_copilot_agent" name="test_sanitize_history_strips_injection_markers" time="0.000" /><testcase classname="tests.test_okkax_copilot_agent" name="test_tool_registry_shape" time="0.000" /><testcase classname="tests.test_okkax_copilot_agent" name="test_anonymous_chat_still_answers_knowledge" time="0.230" /><testcase classname="tests.test_okkax_copilot_v3" name="test_grounded_event_stages_track_ground_truth" time="1.588" /><testcase classname="tests.test_okkax_copilot_agent" name="test_anonymous_event_id_is_ignored_no_leak" time="1.354" /><testcase classname="tests.test_okkax_copilot_agent" name="test_role_spoofing_via_payload_is_ignored" time="0.010" /><testcase classname="tests.test_okkax_copilot_v3" name="test_llm_unavailable_status_surfaces_via_metadata_not_reply" time="0.007" /><testcase classname="tests.test_okkax_copilot_agent" name="test_cross_tenant_event_id_no_leak" time="0.009" /><testcase classname="tests.test_okkax_copilot_v3" name="test_intelligence_delegation_for_supply_intent" time="0.011" /><testcase classname="tests.test_okkax_copilot_agent" name="test_organizer_gets_grounded_event_snapshot" time="0.023" /><testcase classname="tests.test_okkax_copilot_v3" name="test_engines_endpoint_lists_provider_registry" time="0.002" /><testcase classname="tests.test_okkax_copilot_v3" name="test_engine_pref_is_accepted_in_chat" time="0.009" /><testcase classname="tests.test_okkax_copilot_v3" name="test_tool_schema_endpoint_returns_function_shape" time="0.003" /><testcase classname="tests.test_okkax_copilot_v3" name="test_tool_schema_requires_auth" time="0.002" /><testcase classname="tests.test_okkax_copilot_v3" name="test_copilot_quota_endpoint" time="0.004" /><testcase classname="tests.test_okkax_copilot_agent" name="test_grounded_blocker_query_uses_live_data" time="0.017" /><testcase classname="tests.test_okkax_copilot_v3" name="test_calculator_policy_seed_written_in_platform_policies" time="0.001" /><testcase classname="tests.test_okkax_copilot" name="test_okkax_copilot_suggestions" time="0.037" /><testcase classname="tests.test_okkax_copilot_agent" name="test_write_intent_requires_confirmation_never_executes" time="0.015" /><testcase classname="tests.test_okkax_copilot_agent" name="test_prompt_injection_does_not_change_engine_or_source" time="0.016" /><testcase classname="tests.test_okkax_copilot" name="test_okkax_copilot_identity_and_intro" time="0.030" /><testcase classname="tests.test_okkax_copilot_agent" name="test_audit_trail_written_for_authed_chat" time="0.021" /><testcase classname="tests.test_okkax_copilot" name="test_okkax_copilot_mega_scale_budget_and_tech_specs" time="0.028" /><testcase classname="tests.test_okkax_copilot" name="test_okkax_copilot_event_graph_analysis" time="0.028" /><testcase classname="tests.test_okkax_copilot" name="test_okkax_copilot_gate_scanner_and_crowd_safety" time="0.027" /></testsuite></testsuites>