<?xml version="1.0" encoding="utf-8"?><testsuites name="pytest tests"><testsuite name="pytest" errors="0" failures="0" skipped="0" tests="23" time="3.027" timestamp="2026-08-13T02:57:42.916696+00:00" hostname="agent-env-c126f48e-d7f3-4bd5-b5c4-37b3df50984e"><testcase classname="tests.test_iteration6.TestPersonaLogin" name="test_persona[Penyelenggara]" time="0.146" /><testcase classname="tests.test_iteration6.TestPersonaLogin" name="test_persona[Sponsor]" time="0.099" /><testcase classname="tests.test_iteration6.TestPersonaLogin" name="test_persona[Tenant]" time="0.095" /><testcase classname="tests.test_iteration6.TestDiscoverShape" name="test_total_31" time="0.342" /><testcase classname="tests.test_iteration6.TestDiscoverShape" name="test_15_cities" time="0.000" /><testcase classname="tests.test_iteration6.TestPersonaLogin" name="test_persona[Pengunjung]" time="0.127" /><testcase classname="tests.test_iteration6.TestDiscoverShape" name="test_11_categories" time="0.000" /><testcase classname="tests.test_iteration6.TestDiscoverShape" name="test_totals_present" time="0.000" /><testcase classname="tests.test_iteration6.TestDiscoverShape" name="test_highlights_sections" time="0.000" /><testcase classname="tests.test_iteration6.TestDiscoverShape" name="test_event_enrichment_fields" time="0.000" /><testcase classname="tests.test_iteration6.TestDiscoverFilters" name="test_city_filter" time="0.126" /><testcase classname="tests.test_iteration6.TestPersonaLogin" name="test_persona[Supervisor]" time="0.100" /><testcase classname="tests.test_iteration6.TestDiscoverFilters" name="test_category_filter" time="0.127" /><testcase classname="tests.test_iteration6.TestPersonaLogin" name="test_persona_admin_forbidden" time="0.099" /><testcase classname="tests.test_iteration6.TestDiscoverFilters" name="test_free_true" time="0.135" /><testcase classname="tests.test_iteration6.TestEconomyMap" name="test_map_15_cities_31_events" time="0.379" /><testcase classname="tests.test_iteration6.TestDiscoverFilters" name="test_free_false" time="0.339" /><testcase classname="tests.test_iteration6.TestBulkPublicEvent" name="test_public_event_loads" time="0.106" /><testcase classname="tests.test_iteration6.TestDiscoverFilters" name="test_text_search" time="0.124" /><testcase classname="tests.test_iteration6.TestCheckoutBulkEvent" name="test_checkout_and_pay" time="0.783" /><testcase classname="tests.test_iteration6.TestBulkEventGraph" name="test_graph_authed" time="0.621" /><testcase classname="tests.test_iteration6.TestAIEngines" name="test_engines_list" time="0.101" /><testcase classname="tests.test_iteration6.TestStripe" name="test_stripe_checkout_endpoint" time="0.766" /></testsuite></testsuites>