<?xml version="1.0" encoding="utf-8"?><testsuites name="pytest tests"><testsuite name="pytest" errors="0" failures="0" skipped="0" tests="13" time="13.647" timestamp="2026-08-12T13:45:47.899950+00:00" hostname="agent-env-c126f48e-d7f3-4bd5-b5c4-37b3df50984e"><testcase classname="tests.test_iteration5.TestAIEngines" name="test_engines_list" time="0.235" /><testcase classname="tests.test_iteration5.TestDiscoverEvents" name="test_events_count_cities" time="0.122" /><testcase classname="tests.test_iteration5.TestDiscoverEvents" name="test_events_have_tickets" time="0.122" /><testcase classname="tests.test_iteration5.TestEventGraph" name="test_graph[evt-nusa-tech]" time="0.446" /><testcase classname="tests.test_iteration5.TestEventGraph" name="test_graph[evt-bandung-indie]" time="0.114" /><testcase classname="tests.test_iteration5.TestEventGraph" name="test_graph[evt-surabaya-expo]" time="0.122" /><testcase classname="tests.test_iteration5.TestEventGraph" name="test_graph[evt-jogja-kuliner]" time="0.147" /><testcase classname="tests.test_iteration5.TestEventGraph" name="test_graph[evt-bali-fashion]" time="0.126" /><testcase classname="tests.test_iteration5.TestEventGraph" name="test_graph[evt-medan-startup]" time="0.133" /><testcase classname="tests.test_iteration5.TestEventGraph" name="test_graph[evt-jkt-esports]" time="0.176" /><testcase classname="tests.test_iteration5.TestEventGraph" name="test_graph[evt-semarang-umkm]" time="0.129" /><testcase classname="tests.test_iteration5.TestCompile" name="test_compile_and_poll" time="10.989" /><testcase classname="tests.test_iteration5.TestNewEventTicketPurchase" name="test_end_to_end" time="0.710" /></testsuite></testsuites>