<?xml version="1.0" encoding="utf-8"?><testsuites name="pytest tests"><testsuite name="pytest" errors="0" failures="1" skipped="0" tests="23" time="4.391" timestamp="2026-08-13T02:33:40.607755+00:00" hostname="agent-env-c126f48e-d7f3-4bd5-b5c4-37b3df50984e"><testcase classname="tests.test_iteration6.TestDiscoverShape" name="test_total_31" time="0.283" /><testcase classname="tests.test_iteration6.TestDiscoverShape" name="test_15_cities" time="0.000" /><testcase classname="tests.test_iteration6.TestDiscoverShape" name="test_11_categories" time="0.000" /><testcase classname="tests.test_iteration6.TestDiscoverShape" name="test_totals_present" time="0.000" /><testcase classname="tests.test_iteration6.TestDiscoverShape" name="test_highlights_sections" time="0.000" /><testcase classname="tests.test_iteration6.TestDiscoverShape" name="test_event_enrichment_fields" time="0.000" /><testcase classname="tests.test_iteration6.TestDiscoverFilters" name="test_city_filter" time="0.124" /><testcase classname="tests.test_iteration6.TestDiscoverFilters" name="test_category_filter" time="0.123" /><testcase classname="tests.test_iteration6.TestDiscoverFilters" name="test_free_true" time="0.137" /><testcase classname="tests.test_iteration6.TestDiscoverFilters" name="test_free_false" time="0.274" /><testcase classname="tests.test_iteration6.TestDiscoverFilters" name="test_text_search" time="0.280" /><testcase classname="tests.test_iteration6.TestEconomyMap" name="test_map_15_cities_31_events" time="0.292" /><testcase classname="tests.test_iteration6.TestBulkPublicEvent" name="test_public_event_loads" time="0.104" /><testcase classname="tests.test_iteration6.TestCheckoutBulkEvent" name="test_checkout_and_pay" time="0.723"><failure message="AssertionError: assert ('id' in {'order': {'id': '62b39914-dbeb-465f-ad55-019ec3ba7640', 'order_code': 'OKX-ORD-000004', 'event_id': 'evt-b-nusantara-sound-fest', 'event_name': 'Nusantara Sound Fest', ...}, 'payment': {'id': '89a0be0b-711c-4391-8e3d-7a32db93aa99', 'payment_ref': 'OKX-PAY-000004', 'order_id': '62b39914-dbeb-465f-ad55-019ec3ba7640', 'event_id': 'evt-b-nusantara-sound-fest', ...}, 'sandbox_notice': 'Mode demo kompetisi. Tidak ada uang nyata yang akan ditagihkan.'} or 'order_id' in {'order': {'id': '62b39914-dbeb-465f-ad55-019ec3ba7640', 'order_code': 'OKX-ORD-000004', 'event_id': 'evt-b-nusantara-sound-fest', 'event_name': 'Nusantara Sound Fest', ...}, 'payment': {'id': '89a0be0b-711c-4391-8e3d-7a32db93aa99', 'payment_ref': 'OKX-PAY-000004', 'order_id': '62b39914-dbeb-465f-ad55-019ec3ba7640', 'event_id': 'evt-b-nusantara-sound-fest', ...}, 'sandbox_notice': 'Mode demo kompetisi. Tidak ada uang nyata yang akan ditagihkan.'})">backend/tests/test_iteration6.py:162: in test_checkout_and_pay
    assert "id" in order or "order_id" in order
E   AssertionError: assert ('id' in {'order': {'id': '62b39914-dbeb-465f-ad55-019ec3ba7640', 'order_code': 'OKX-ORD-000004', 'event_id': 'evt-b-nusantara-sound-fest', 'event_name': 'Nusantara Sound Fest', ...}, 'payment': {'id': '89a0be0b-711c-4391-8e3d-7a32db93aa99', 'payment_ref': 'OKX-PAY-000004', 'order_id': '62b39914-dbeb-465f-ad55-019ec3ba7640', 'event_id': 'evt-b-nusantara-sound-fest', ...}, 'sandbox_notice': 'Mode demo kompetisi. Tidak ada uang nyata yang akan ditagihkan.'} or 'order_id' in {'order': {'id': '62b39914-dbeb-465f-ad55-019ec3ba7640', 'order_code': 'OKX-ORD-000004', 'event_id': 'evt-b-nusantara-sound-fest', 'event_name': 'Nusantara Sound Fest', ...}, 'payment': {'id': '89a0be0b-711c-4391-8e3d-7a32db93aa99', 'payment_ref': 'OKX-PAY-000004', 'order_id': '62b39914-dbeb-465f-ad55-019ec3ba7640', 'event_id': 'evt-b-nusantara-sound-fest', ...}, 'sandbox_notice': 'Mode demo kompetisi. Tidak ada uang nyata yang akan ditagihkan.'})</failure></testcase><testcase classname="tests.test_iteration6.TestBulkEventGraph" name="test_graph_authed" time="0.454" /><testcase classname="tests.test_iteration6.TestPersonaLogin" name="test_persona[Penyelenggara]" time="0.102" /><testcase classname="tests.test_iteration6.TestPersonaLogin" name="test_persona[Sponsor]" time="0.095" /><testcase classname="tests.test_iteration6.TestPersonaLogin" name="test_persona[Tenant]" time="0.102" /><testcase classname="tests.test_iteration6.TestPersonaLogin" name="test_persona[Pengunjung]" time="0.104" /><testcase classname="tests.test_iteration6.TestPersonaLogin" name="test_persona[Supervisor]" time="0.099" /><testcase classname="tests.test_iteration6.TestPersonaLogin" name="test_persona_admin_forbidden" time="0.096" /><testcase classname="tests.test_iteration6.TestStripe" name="test_stripe_checkout_endpoint" time="0.808" /><testcase classname="tests.test_iteration6.TestAIEngines" name="test_engines_list" time="0.096" /></testsuite></testsuites>