<?xml version="1.0" encoding="utf-8"?><testsuites name="pytest tests"><testsuite name="pytest" errors="0" failures="0" skipped="0" tests="4" time="4.028" timestamp="2026-08-12T10:39:15.061702+00:00" hostname="agent-env-c126f48e-d7f3-4bd5-b5c4-37b3df50984e"><testcase classname="tests.test_iteration3" name="test_demo_summary_public_ok" time="0.134" /><testcase classname="tests.test_iteration3" name="test_demo_summary_personas_no_admin" time="0.052" /><testcase classname="tests.test_iteration3" name="test_demo_summary_matches_budget_endpoint" time="0.372" /><testcase classname="tests.test_iteration3" name="test_key_numbers_change_when_funding_added" time="2.817" /></testsuite></testsuites>