<?xml version="1.0" encoding="utf-8"?><testsuites name="pytest tests"><testsuite name="pytest" errors="0" failures="0" skipped="0" tests="27" time="11.498" timestamp="2026-08-12T09:40:51.186294+00:00" hostname="agent-env-c126f48e-d7f3-4bd5-b5c4-37b3df50984e"><testcase classname="tests.backend_test.TestAuth" name="test_health" time="3.485" /><testcase classname="tests.backend_test.TestTicketing" name="test_paylater_unavailable_and_va_success" time="6.014" /><testcase classname="tests.backend_test.TestAuth" name="test_login_all_demo" time="2.190" /><testcase classname="tests.backend_test.TestAuth" name="test_login_wrong_password" time="0.327" /><testcase classname="tests.backend_test.TestAuth" name="test_me" time="0.099" /><testcase classname="tests.backend_test.TestTicketing" name="test_tier_sold_increment_and_mytickets" time="0.130" /><testcase classname="tests.backend_test.TestAuth" name="test_register_and_forgot_reset" time="1.115" /><testcase classname="tests.backend_test.TestTicketing" name="test_payment_failure_path" time="0.706" /><testcase classname="tests.backend_test.TestTicketing" name="test_qr_validation_flow" time="0.492" /><testcase classname="tests.backend_test.TestRBAC" name="test_sponsor_cannot_read_org_event_write_endpoint" time="0.160" /><testcase classname="tests.backend_test.TestTicketing" name="test_refund" time="0.232" /><testcase classname="tests.backend_test.TestRBAC" name="test_organizer_cannot_call_admin" time="0.099" /><testcase classname="tests.backend_test.TestRBAC" name="test_admin_metrics" time="0.098" /><testcase classname="tests.backend_test.TestOps" name="test_graph" time="0.109" /><testcase classname="tests.backend_test.TestEventStudio" name="test_create_event_and_compile" time="1.801" /><testcase classname="tests.backend_test.TestOps" name="test_ripple" time="1.598" /><testcase classname="tests.backend_test.TestOps" name="test_command_center" time="0.121" /><testcase classname="tests.backend_test.TestEventStudio" name="test_blueprint_edit_persist" time="0.216" /><testcase classname="tests.backend_test.TestTenantFlow" name="test_apply" time="0.241" /><testcase classname="tests.backend_test.TestSponsorFlow" name="test_express_interest" time="0.196" /><testcase classname="tests.backend_test.TestTenantFlow" name="test_approve" time="0.110" /><testcase classname="tests.backend_test.TestTalentRider" name="test_add_and_remove_talent" time="0.639" /><testcase classname="tests.backend_test.TestSponsorFlow" name="test_approve_and_budget_updates" time="0.210" /><testcase classname="tests.backend_test.TestVenue" name="test_matches_and_select" time="0.200" /><testcase classname="tests.backend_test.TestAdmin" name="test_admin_users_and_orgs" time="0.288" /><testcase classname="tests.backend_test.TestBudget" name="test_budget_and_simulate" time="0.214" /><testcase classname="tests.backend_test.TestDiscover" name="test_discover_and_public" time="0.212" /></testsuite></testsuites>